Added Component: Designator=5v.SPI(HED2)
Add component. Clean all parameters for all variants
Add component (AddParameter): Name = "Value"; Value = "Header 2"; VariantName = "[No Variations]"
Added Component: Designator=C1(CP2/5)
Add component. Clean all parameters for all variants
Add component (AddParameter): Name = "LatestRevisionDate"; Value = "17-Jul-2002"; VariantName = "[No Variations]"
Add component (AddParameter): Name = "LatestRevisionNote"; Value = "Re-released for DXP Platform."; VariantName = "[No Variations]"
Add component (AddParameter): Name = "PackageReference"; Value = "C0805"; VariantName = "[No Variations]"
Add component (AddParameter): Name = "Publisher"; Value = "Altium Limited"; VariantName = "[No Variations]"
Add component (AddParameter): Name = "Value"; Value = "1000uF"; VariantName = "[No Variations]"
Add component (AddParameter ignored because duplicated): Name = "VALUE"; Value = "C?"; VariantName = "[No Variations]"
Added Component: Designator=C2(CP2/5)
Add component. Clean all parameters for all variants
Add component (AddParameter): Name = "LatestRevisionDate"; Value = "17-Jul-2002"; VariantName = "[No Variations]"
Add component (AddParameter): Name = "LatestRevisionNote"; Value = "Re-released for DXP Platform."; VariantName = "[No Variations]"
Add component (AddParameter): Name = "PackageReference"; Value = "C0805"; VariantName = "[No Variations]"
Add component (AddParameter): Name = "Publisher"; Value = "Altium Limited"; VariantName = "[No Variations]"
Add component (AddParameter): Name = "Value"; Value = "100uF"; VariantName = "[No Variations]"
Add component (AddParameter ignored because duplicated): Name = "VALUE"; Value = "C?"; VariantName = "[No Variations]"
Added Component: Designator=C11(CP2/5)
Add component. Clean all parameters for all variants
Add component (AddParameter): Name = "LatestRevisionDate"; Value = "17-Jul-2002"; VariantName = "[No Variations]"
Add component (AddParameter): Name = "LatestRevisionNote"; Value = "Re-released for DXP Platform."; VariantName = "[No Variations]"
Add component (AddParameter): Name = "PackageReference"; Value = "C0805"; VariantName = "[No Variations]"
Add component (AddParameter): Name = "Publisher"; Value = "Altium Limited"; VariantName = "[No Variations]"
Add component (AddParameter): Name = "Value"; Value = "1000uF"; VariantName = "[No Variations]"
Add component (AddParameter ignored because duplicated): Name = "VALUE"; Value = "C?"; VariantName = "[No Variations]"
Added Component: Designator=C22(CP2/5)
Add component. Clean all parameters for all variants
Add component (AddParameter): Name = "LatestRevisionDate"; Value = "17-Jul-2002"; VariantName = "[No Variations]"
Add component (AddParameter): Name = "LatestRevisionNote"; Value = "Re-released for DXP Platform."; VariantName = "[No Variations]"
Add component (AddParameter): Name = "PackageReference"; Value = "C0805"; VariantName = "[No Variations]"
Add component (AddParameter): Name = "Publisher"; Value = "Altium Limited"; VariantName = "[No Variations]"
Add component (AddParameter): Name = "Value"; Value = "100uF"; VariantName = "[No Variations]"
Add component (AddParameter ignored because duplicated): Name = "VALUE"; Value = "C?"; VariantName = "[No Variations]"
Added Component: Designator=Cn0(CN1.5)
Add component. Clean all parameters for all variants
Add component (AddParameter): Name = "Value"; Value = "0.01uF"; VariantName = "[No Variations]"
Added Component: Designator=Cn1(CN1.5)
Add component. Clean all parameters for all variants
Add component (AddParameter): Name = "Value"; Value = "0.01uF"; VariantName = "[No Variations]"
Added Component: Designator=Cn2(CN1.5)
Add component. Clean all parameters for all variants
Add component (AddParameter): Name = "Value"; Value = "0.01uF"; VariantName = "[No Variations]"
Added Component: Designator=Cn3(CN1.5)
Add component. Clean all parameters for all variants
Add component (AddParameter): Name = "Value"; Value = "0.01uF"; VariantName = "[No Variations]"
Added Component: Designator=D1(D5A)
Add component. Clean all parameters for all variants
Add component (AddParameter): Name = "Value"; Value = "1N5408"; VariantName = "[No Variations]"
Added Component: Designator=D2(D5A)
Add component. Clean all parameters for all variants
Add component (AddParameter): Name = "Value"; Value = "1N5408"; VariantName = "[No Variations]"
Added Component: Designator=D3(D5A)
Add component. Clean all parameters for all variants
Add component (AddParameter): Name = "Value"; Value = "1N5408"; VariantName = "[No Variations]"
Added Component: Designator=I2C(HED4)
Add component. Clean all parameters for all variants
Add component (AddParameter): Name = "Value"; Value = "Header 4"; VariantName = "[No Variations]"
Added Component: Designator=IC7805(QTO-220)
Add component. Clean all parameters for all variants
Add component (AddParameter): Name = ""; Value = "LM7808"; VariantName = "[No Variations]"
Add component (AddParameter): Name = "Value"; Value = "LM7805"; VariantName = "[No Variations]"
Added Component: Designator=IC7809(QTO-220)
Add component. Clean all parameters for all variants
Add component (AddParameter): Name = ""; Value = "LM7808"; VariantName = "[No Variations]"
Add component (AddParameter): Name = "Value"; Value = "LM7805"; VariantName = "[No Variations]"
Added Component: Designator=LED1(LED-3)
Add component. Clean all parameters for all variants
Add component (AddParameter): Name = "Value"; Value = "LED 3 ly Single Colour"; VariantName = "[No Variations]"
Added Component: Designator=LED2(LED-3)
Add component. Clean all parameters for all variants
Add component (AddParameter): Name = "Value"; Value = "LED 3 ly Single Colour"; VariantName = "[No Variations]"
Added Component: Designator=LED3(LED-3)
Add component. Clean all parameters for all variants
Add component (AddParameter): Name = "Value"; Value = "LED 3 ly Single Colour"; VariantName = "[No Variations]"
Added Component: Designator=luuluong1(HED3)
Add component. Clean all parameters for all variants
Add component (AddParameter): Name = "Value"; Value = "Header 3"; VariantName = "[No Variations]"
Added Component: Designator=luuluong2(HED3)
Add component. Clean all parameters for all variants
Add component (AddParameter): Name = "Value"; Value = "Header 3"; VariantName = "[No Variations]"
Added Component: Designator=luuluong3(HED3)
Add component. Clean all parameters for all variants
Add component (AddParameter): Name = "Value"; Value = "Header 3"; VariantName = "[No Variations]"
Added Component: Designator=mega2560(MODULE_MEGA_PRO_EMBED_CH340G_/_ATMEGA2560)
Add component. Clean all parameters for all variants
Add component (AddParameter): Name = "Availability"; Value = "Unavailable"; VariantName = "[No Variations]"
Add component (AddParameter): Name = "MF"; Value = ""; VariantName = "[No Variations]"
Add component (AddParameter): Name = "MP"; Value = "MEGA_PRO_EMBED_CH340G_/_ATMEGA2560"; VariantName = "[No Variations]"
Add component (AddParameter): Name = "Package"; Value = "None"; VariantName = "[No Variations]"
Add component (AddParameter): Name = "Price"; Value = "None"; VariantName = "[No Variations]"
Add component (AddParameter): Name = "Value"; Value = ""; VariantName = "[No Variations]"
Added Component: Designator=motorPHU(HED2)
Add component. Clean all parameters for all variants
Add component (AddParameter): Name = "Value"; Value = "Header 2"; VariantName = "[No Variations]"
Added Component: Designator=motorTONG(HED2)
Add component. Clean all parameters for all variants
Add component (AddParameter): Name = "Value"; Value = "Header 2"; VariantName = "[No Variations]"
Added Component: Designator=nut2(HED2)
Add component. Clean all parameters for all variants
Add component (AddParameter): Name = "Value"; Value = "Header 2"; VariantName = "[No Variations]"
Added Component: Designator=nut3(HED2)
Add component. Clean all parameters for all variants
Add component (AddParameter): Name = "Value"; Value = "Header 2"; VariantName = "[No Variations]"
Added Component: Designator=nut.0(HED2)
Add component. Clean all parameters for all variants
Add component (AddParameter): Name = "Value"; Value = "Header 2"; VariantName = "[No Variations]"
Added Component: Designator=nut.1(HED2)
Add component. Clean all parameters for all variants
Add component (AddParameter): Name = "Value"; Value = "Header 2"; VariantName = "[No Variations]"
Added Component: Designator=opto1(OPTO_U)
Add component. Clean all parameters for all variants
Add component (AddParameter): Name = "Value"; Value = "TLP5211"; VariantName = "[No Variations]"
Added Component: Designator=opto2(OPTO_U)
Add component. Clean all parameters for all variants
Add component (AddParameter): Name = "Value"; Value = "TLP5211"; VariantName = "[No Variations]"
Added Component: Designator=opto3(OPTO_U)
Add component. Clean all parameters for all variants
Add component (AddParameter): Name = "Value"; Value = "TLP5211"; VariantName = "[No Variations]"
Added Component: Designator=Q1(QTO-92)
Add component. Clean all parameters for all variants
Add component (AddParameter): Name = ""; Value = "C2383"; VariantName = "[No Variations]"
Add component (AddParameter): Name = "Value"; Value = "C1815"; VariantName = "[No Variations]"
Added Component: Designator=Q2(QTO-92)
Add component. Clean all parameters for all variants
Add component (AddParameter): Name = ""; Value = "C2383"; VariantName = "[No Variations]"
Add component (AddParameter): Name = "Value"; Value = "C1815"; VariantName = "[No Variations]"
Added Component: Designator=Q3(QTO-92)
Add component. Clean all parameters for all variants
Add component (AddParameter): Name = ""; Value = "C2383"; VariantName = "[No Variations]"
Add component (AddParameter): Name = "Value"; Value = "C1815"; VariantName = "[No Variations]"
Added Component: Designator=R1(R1/4W)
Add component. Clean all parameters for all variants
Add component (AddParameter): Name = "Value"; Value = "R1/4W - 1K"; VariantName = "[No Variations]"
Added Component: Designator=R2(R1/4W)
Add component. Clean all parameters for all variants
Add component (AddParameter): Name = "Value"; Value = "R1/4W - 1K"; VariantName = "[No Variations]"
Added Component: Designator=R3(R1/4W)
Add component. Clean all parameters for all variants
Add component (AddParameter): Name = "Value"; Value = "R1/4W - 1K"; VariantName = "[No Variations]"
Added Component: Designator=R11(R1/4W)
Add component. Clean all parameters for all variants
Add component (AddParameter): Name = "Value"; Value = "R1/4W - 1K"; VariantName = "[No Variations]"
Added Component: Designator=R22(R1/4W)
Add component. Clean all parameters for all variants
Add component (AddParameter): Name = "Value"; Value = "R1/4W - 1K"; VariantName = "[No Variations]"
Added Component: Designator=R33(R1/4W)
Add component. Clean all parameters for all variants
Add component (AddParameter): Name = "Value"; Value = "R1/4W - 1K"; VariantName = "[No Variations]"
Added Component: Designator=R111(R1/4W)
Add component. Clean all parameters for all variants
Add component (AddParameter): Name = "Value"; Value = "R1/4W - 1K"; VariantName = "[No Variations]"
Added Component: Designator=R222(R1/4W)
Add component. Clean all parameters for all variants
Add component (AddParameter): Name = "Value"; Value = "R1/4W - 1K"; VariantName = "[No Variations]"
Added Component: Designator=R333(R1/4W)
Add component. Clean all parameters for all variants
Add component (AddParameter): Name = "Value"; Value = "R1/4W - 1K"; VariantName = "[No Variations]"
Added Component: Designator=Rb0(R1/4W)
Add component. Clean all parameters for all variants
Add component (AddParameter): Name = "Value"; Value = "R1/4W - 1K"; VariantName = "[No Variations]"
Added Component: Designator=Rb1(R1/4W)
Add component. Clean all parameters for all variants
Add component (AddParameter): Name = "Value"; Value = "R1/4W - 1K"; VariantName = "[No Variations]"
Added Component: Designator=Rb2(R1/4W)
Add component. Clean all parameters for all variants
Add component (AddParameter): Name = "Value"; Value = "R1/4W - 1K"; VariantName = "[No Variations]"
Added Component: Designator=Rb3(R1/4W)
Add component. Clean all parameters for all variants
Add component (AddParameter): Name = "Value"; Value = "R1/4W - 1K"; VariantName = "[No Variations]"
Added Component: Designator=rr0(R1/4W)
Add component. Clean all parameters for all variants
Add component (AddParameter): Name = "Value"; Value = "R1/4W - 1K"; VariantName = "[No Variations]"
Added Component: Designator=rr1(R1/4W)
Add component. Clean all parameters for all variants
Add component (AddParameter): Name = "Value"; Value = "R1/4W - 1K"; VariantName = "[No Variations]"
Added Component: Designator=rr2(R1/4W)
Add component. Clean all parameters for all variants
Add component (AddParameter): Name = "Value"; Value = "R1/4W - 1K"; VariantName = "[No Variations]"
Added Component: Designator=rr3(R1/4W)
Add component. Clean all parameters for all variants
Add component (AddParameter): Name = "Value"; Value = "R1/4W - 1K"; VariantName = "[No Variations]"
Added Component: Designator=SPI.3.4.5(HED3)
Add component. Clean all parameters for all variants
Add component (AddParameter): Name = "Value"; Value = "Header 3"; VariantName = "[No Variations]"
Added Component: Designator=SPI(HED4)
Add component. Clean all parameters for all variants
Add component (AddParameter): Name = "Value"; Value = "Header 4"; VariantName = "[No Variations]"
Added Component: Designator=U1(MODULE_ESP32_NODEMCU)
Add component. Clean all parameters for all variants
Add component (AddParameter): Name = "Check_prices"; Value = "https://www.snapeda.com/parts/ESP32%20NODEMCU/Espressif+Systems/view-part/?ref=eda"; VariantName = "[No Variations]"
Add component (AddParameter): Name = "MF"; Value = "Espressif Systems"; VariantName = "[No Variations]"
Add component (AddParameter): Name = "MP"; Value = "ESP32 NODEMCU"; VariantName = "[No Variations]"
Add component (AddParameter): Name = "Package"; Value = "Package"; VariantName = "[No Variations]"
Add component (AddParameter): Name = "SnapEDA_Link"; Value = "https://www.snapeda.com/parts/ESP32%20NODEMCU/Espressif+Systems/view-part/?ref=snap"; VariantName = "[No Variations]"
Add component (AddParameter): Name = "Value"; Value = ""; VariantName = "[No Variations]"
Added Component: Designator=UART(HED4)
Add component. Clean all parameters for all variants
Add component (AddParameter): Name = "Value"; Value = "Header 4"; VariantName = "[No Variations]"
Added Component: Designator=Van(HED2)
Add component. Clean all parameters for all variants
Add component (AddParameter): Name = "Value"; Value = "Header 2"; VariantName = "[No Variations]"
Added Component: Designator=Vin.12V(HED2)
Add component. Clean all parameters for all variants
Add component (AddParameter): Name = "Value"; Value = "Header 2"; VariantName = "[No Variations]"
Added Pin To Net: NetName=+9 Pin=C2-1
Added Pin To Net: NetName=+9 Pin=C11-1
Added Pin To Net: NetName=+9 Pin=IC7805-1
Added Pin To Net: NetName=+9 Pin=IC7809-3
Added Pin To Net: NetName=+9 Pin=mega2560-VIN_1
Added Pin To Net: NetName=+9 Pin=mega2560-VIN_2
Added Net: Name=+9
Added Pin To Net: NetName=A0 Pin=luuluong1-1
Added Pin To Net: NetName=A0 Pin=mega2560-A0
Added Net: Name=A0
Added Pin To Net: NetName=A2 Pin=luuluong2-1
Added Pin To Net: NetName=A2 Pin=mega2560-A2
Added Net: Name=A2
Added Pin To Net: NetName=A4 Pin=luuluong3-1
Added Pin To Net: NetName=A4 Pin=mega2560-A4
Added Net: Name=A4
Added Pin To Net: NetName=D3 Pin=mega2560-D3
Added Pin To Net: NetName=D3 Pin=SPI.3.4.5-2
Added Net: Name=D3
Added Pin To Net: NetName=D4 Pin=mega2560-D4
Added Pin To Net: NetName=D4 Pin=SPI.3.4.5-3
Added Net: Name=D4
Added Pin To Net: NetName=D5 Pin=mega2560-D5
Added Pin To Net: NetName=D5 Pin=SPI.3.4.5-1
Added Net: Name=D5
Added Pin To Net: NetName=D16 Pin=Cn0-2
Added Pin To Net: NetName=D16 Pin=nut.0-1
Added Pin To Net: NetName=D16 Pin=Rb0-1
Added Net: Name=D16
Added Pin To Net: NetName=D18 Pin=mega2560-D18
Added Pin To Net: NetName=D18 Pin=UART-4
Added Net: Name=D18
Added Pin To Net: NetName=D19 Pin=mega2560-D19
Added Pin To Net: NetName=D19 Pin=UART-3
Added Net: Name=D19
Added Pin To Net: NetName=D20 Pin=I2C-4
Added Pin To Net: NetName=D20 Pin=mega2560-D20
Added Net: Name=D20
Added Pin To Net: NetName=D21 Pin=I2C-3
Added Pin To Net: NetName=D21 Pin=mega2560-D21
Added Net: Name=D21
Added Pin To Net: NetName=D32 Pin=mega2560-D32
Added Pin To Net: NetName=D32 Pin=R1-1
Added Pin To Net: NetName=D32 Pin=R111-1
Added Net: Name=D32
Added Pin To Net: NetName=D34 Pin=mega2560-D34
Added Pin To Net: NetName=D34 Pin=R2-1
Added Pin To Net: NetName=D34 Pin=R222-1
Added Net: Name=D34
Added Pin To Net: NetName=D36 Pin=mega2560-D36
Added Pin To Net: NetName=D36 Pin=R3-2
Added Pin To Net: NetName=D36 Pin=R333-1
Added Net: Name=D36
Added Pin To Net: NetName=D39 Pin=mega2560-D39
Added Net: Name=D39
Added Pin To Net: NetName=D41 Pin=Cn2-2
Added Pin To Net: NetName=D41 Pin=mega2560-D41
Added Pin To Net: NetName=D41 Pin=nut2-1
Added Pin To Net: NetName=D41 Pin=Rb2-1
Added Net: Name=D41
Added Pin To Net: NetName=D43 Pin=Cn1-2
Added Pin To Net: NetName=D43 Pin=mega2560-D43
Added Pin To Net: NetName=D43 Pin=nut.1-1
Added Pin To Net: NetName=D43 Pin=Rb1-1
Added Net: Name=D43
Added Pin To Net: NetName=D50 Pin=mega2560-D50
Added Pin To Net: NetName=D50 Pin=SPI-1
Added Net: Name=D50
Added Pin To Net: NetName=D51 Pin=mega2560-D51
Added Pin To Net: NetName=D51 Pin=SPI-4
Added Net: Name=D51
Added Pin To Net: NetName=D52 Pin=mega2560-D52
Added Pin To Net: NetName=D52 Pin=SPI-2
Added Net: Name=D52
Added Pin To Net: NetName=D53 Pin=mega2560-D53
Added Pin To Net: NetName=D53 Pin=SPI-3
Added Net: Name=D53
Added Pin To Net: NetName=GND Pin=5v.SPI-2
Added Pin To Net: NetName=GND Pin=C1-2
Added Pin To Net: NetName=GND Pin=C2-2
Added Pin To Net: NetName=GND Pin=C11-2
Added Pin To Net: NetName=GND Pin=C22-2
Added Pin To Net: NetName=GND Pin=Cn0-1
Added Pin To Net: NetName=GND Pin=Cn1-1
Added Pin To Net: NetName=GND Pin=Cn2-1
Added Pin To Net: NetName=GND Pin=Cn3-1
Added Pin To Net: NetName=GND Pin=I2C-2
Added Pin To Net: NetName=GND Pin=IC7805-2
Added Pin To Net: NetName=GND Pin=IC7809-2
Added Pin To Net: NetName=GND Pin=LED1-2
Added Pin To Net: NetName=GND Pin=LED2-2
Added Pin To Net: NetName=GND Pin=LED3-2
Added Pin To Net: NetName=GND Pin=luuluong1-2
Added Pin To Net: NetName=GND Pin=luuluong2-2
Added Pin To Net: NetName=GND Pin=luuluong3-2
Added Pin To Net: NetName=GND Pin=mega2560-GND_1
Added Pin To Net: NetName=GND Pin=mega2560-GND_2
Added Pin To Net: NetName=GND Pin=mega2560-GND_3
Added Pin To Net: NetName=GND Pin=opto1-K
Added Pin To Net: NetName=GND Pin=opto2-K
Added Pin To Net: NetName=GND Pin=opto3-K
Added Pin To Net: NetName=GND Pin=Q1-1
Added Pin To Net: NetName=GND Pin=Q2-1
Added Pin To Net: NetName=GND Pin=Q3-1
Added Pin To Net: NetName=GND Pin=rr0-2
Added Pin To Net: NetName=GND Pin=rr1-2
Added Pin To Net: NetName=GND Pin=rr2-2
Added Pin To Net: NetName=GND Pin=rr3-2
Added Pin To Net: NetName=GND Pin=U1-J4_1
Added Pin To Net: NetName=GND Pin=U1-J4_7
Added Pin To Net: NetName=GND Pin=U1-J5_6
Added Pin To Net: NetName=GND Pin=UART-2
Added Pin To Net: NetName=GND Pin=Vin.12V-1
Added Net: Name=GND
Added Pin To Net: NetName=J4 Pin=mega2560-RX
Added Pin To Net: NetName=J4 Pin=U1-J4_4
Added Net: Name=J4
Added Pin To Net: NetName=J5 Pin=mega2560-TX
Added Pin To Net: NetName=J5 Pin=U1-J4_5
Added Net: Name=J5
Added Pin To Net: NetName=NetC1_1 Pin=C1-1
Added Pin To Net: NetName=NetC1_1 Pin=IC7809-1
Added Pin To Net: NetName=NetC1_1 Pin=Vin.12V-2
Added Net: Name=NetC1_1
Added Pin To Net: NetName=NetCn3_2 Pin=Cn3-2
Added Pin To Net: NetName=NetCn3_2 Pin=nut3-1
Added Pin To Net: NetName=NetCn3_2 Pin=Rb3-1
Added Net: Name=NetCn3_2
Added Pin To Net: NetName=NetD1_1 Pin=D1-1
Added Pin To Net: NetName=NetD1_1 Pin=motorTONG-2
Added Pin To Net: NetName=NetD1_1 Pin=Q1-2
Added Net: Name=NetD1_1
Added Pin To Net: NetName=NetD2_1 Pin=D2-1
Added Pin To Net: NetName=NetD2_1 Pin=motorPHU-2
Added Pin To Net: NetName=NetD2_1 Pin=Q2-2
Added Net: Name=NetD2_1
Added Pin To Net: NetName=NetD3_1 Pin=D3-1
Added Pin To Net: NetName=NetD3_1 Pin=Q3-2
Added Pin To Net: NetName=NetD3_1 Pin=Van-2
Added Net: Name=NetD3_1
Added Pin To Net: NetName=NetLED1_1 Pin=LED1-1
Added Pin To Net: NetName=NetLED1_1 Pin=R111-2
Added Net: Name=NetLED1_1
Added Pin To Net: NetName=NetLED2_1 Pin=LED2-1
Added Pin To Net: NetName=NetLED2_1 Pin=R222-2
Added Net: Name=NetLED2_1
Added Pin To Net: NetName=NetLED3_1 Pin=LED3-1
Added Pin To Net: NetName=NetLED3_1 Pin=R333-2
Added Net: Name=NetLED3_1
Added Pin To Net: NetName=Netnut2_2 Pin=nut2-2
Added Pin To Net: NetName=Netnut2_2 Pin=rr2-1
Added Net: Name=Netnut2_2
Added Pin To Net: NetName=Netnut3_2 Pin=nut3-2
Added Pin To Net: NetName=Netnut3_2 Pin=rr3-1
Added Net: Name=Netnut3_2
Added Pin To Net: NetName=Netnut.0_2 Pin=nut.0-2
Added Pin To Net: NetName=Netnut.0_2 Pin=rr0-1
Added Net: Name=Netnut.0_2
Added Pin To Net: NetName=Netnut.1_2 Pin=nut.1-2
Added Pin To Net: NetName=Netnut.1_2 Pin=rr1-1
Added Net: Name=Netnut.1_2
Added Pin To Net: NetName=Netopto1_A Pin=opto1-A
Added Pin To Net: NetName=Netopto1_A Pin=R1-2
Added Net: Name=Netopto1_A
Added Pin To Net: NetName=Netopto1_E Pin=opto1-E
Added Pin To Net: NetName=Netopto1_E Pin=R11-1
Added Net: Name=Netopto1_E
Added Pin To Net: NetName=Netopto2_A Pin=opto2-A
Added Pin To Net: NetName=Netopto2_A Pin=R2-2
Added Net: Name=Netopto2_A
Added Pin To Net: NetName=Netopto2_E Pin=opto2-E
Added Pin To Net: NetName=Netopto2_E Pin=R22-1
Added Net: Name=Netopto2_E
Added Pin To Net: NetName=Netopto3_A Pin=opto3-A
Added Pin To Net: NetName=Netopto3_A Pin=R3-1
Added Net: Name=Netopto3_A
Added Pin To Net: NetName=Netopto3_E Pin=opto3-E
Added Pin To Net: NetName=Netopto3_E Pin=R33-1
Added Net: Name=Netopto3_E
Added Pin To Net: NetName=NetQ1_3 Pin=Q1-3
Added Pin To Net: NetName=NetQ1_3 Pin=R11-2
Added Net: Name=NetQ1_3
Added Pin To Net: NetName=NetQ2_3 Pin=Q2-3
Added Pin To Net: NetName=NetQ2_3 Pin=R22-2
Added Net: Name=NetQ2_3
Added Pin To Net: NetName=NetQ3_3 Pin=Q3-3
Added Pin To Net: NetName=NetQ3_3 Pin=R33-2
Added Net: Name=NetQ3_3
Added Pin To Net: NetName=VCC Pin=5v.SPI-1
Added Pin To Net: NetName=VCC Pin=C22-1
Added Pin To Net: NetName=VCC Pin=D1-2
Added Pin To Net: NetName=VCC Pin=D2-2
Added Pin To Net: NetName=VCC Pin=D3-2
Added Pin To Net: NetName=VCC Pin=I2C-1
Added Pin To Net: NetName=VCC Pin=IC7805-3
Added Pin To Net: NetName=VCC Pin=luuluong1-3
Added Pin To Net: NetName=VCC Pin=luuluong2-3
Added Pin To Net: NetName=VCC Pin=luuluong3-3
Added Pin To Net: NetName=VCC Pin=motorPHU-1
Added Pin To Net: NetName=VCC Pin=motorTONG-1
Added Pin To Net: NetName=VCC Pin=opto1-C
Added Pin To Net: NetName=VCC Pin=opto2-C
Added Pin To Net: NetName=VCC Pin=opto3-C
Added Pin To Net: NetName=VCC Pin=Rb0-2
Added Pin To Net: NetName=VCC Pin=Rb1-2
Added Pin To Net: NetName=VCC Pin=Rb2-2
Added Pin To Net: NetName=VCC Pin=Rb3-2
Added Pin To Net: NetName=VCC Pin=U1-J5_1
Added Pin To Net: NetName=VCC Pin=UART-1
Added Pin To Net: NetName=VCC Pin=Van-1
Added Net: Name=VCC
Added Class: Name=mega2560
Added Room: Name=mega2560
