Added Component: Designator=ESP32(MODULE_ESP32-DEVKITC)
Add component. Clean all parameters for all variants
Add component (AddParameter): Name = "Availability"; Value = "Unavailable"; VariantName = "[No Variations]"
Add component (AddParameter): Name = "MF"; Value = "Espressif Systems"; VariantName = "[No Variations]"
Add component (AddParameter): Name = "MP"; Value = "ESP32-DEVKITC-32D-F"; VariantName = "[No Variations]"
Add component (AddParameter): Name = "Package"; Value = "None"; VariantName = "[No Variations]"
Add component (AddParameter): Name = "Price"; Value = "None"; VariantName = "[No Variations]"
Add component (AddParameter): Name = "SnapEDA_Link"; Value = "https://www.snapeda.com/parts/ESP32-DEVKITC-32D-F/Espressif%20Systems/view-part/4220172/?ref=snap"; VariantName = "[No Variations]"
Add component (AddParameter): Name = "Value"; Value = ""; VariantName = "[No Variations]"
Added Component: Designator=HD00(HED2)
Add component. Clean all parameters for all variants
Add component (AddParameter): Name = "Value"; Value = "Header 2"; VariantName = "[No Variations]"
Added Component: Designator=HD?(HED8)
Add component. Clean all parameters for all variants
Add component (AddParameter): Name = "Creat by"; Value = "VanDungEvn@Gmail.com"; VariantName = "[No Variations]"
Added Component: Designator=JP2(CON2)
Add component. Clean all parameters for all variants
Add component (AddParameter): Name = "Value"; Value = "Connector 2"; VariantName = "[No Variations]"
Added Component: Designator=mega2560(MODULE_MEGA_PRO_EMBED_CH340G_/_ATMEGA2560)
Add component. Clean all parameters for all variants
Add component (AddParameter): Name = "Availability"; Value = "Unavailable"; VariantName = "[No Variations]"
Add component (AddParameter): Name = "MF"; Value = ""; VariantName = "[No Variations]"
Add component (AddParameter): Name = "MP"; Value = "MEGA_PRO_EMBED_CH340G_/_ATMEGA2560"; VariantName = "[No Variations]"
Add component (AddParameter): Name = "Package"; Value = "None"; VariantName = "[No Variations]"
Add component (AddParameter): Name = "Price"; Value = "None"; VariantName = "[No Variations]"
Add component (AddParameter): Name = "Value"; Value = ""; VariantName = "[No Variations]"
Added Pin To Net: NetName=NetHD?_1 Pin=HD?-1
Added Pin To Net: NetName=NetHD?_1 Pin=mega2560-VIN_1
Added Net: Name=NetHD?_1
Added Pin To Net: NetName=NetHD?_2 Pin=HD?-2
Added Pin To Net: NetName=NetHD?_2 Pin=mega2560-VIN_2
Added Net: Name=NetHD?_2
Added Pin To Net: NetName=NetHD?_3 Pin=HD?-3
Added Pin To Net: NetName=NetHD?_3 Pin=mega2560-5V_1
Added Net: Name=NetHD?_3
Added Pin To Net: NetName=NetHD?_4 Pin=HD?-4
Added Pin To Net: NetName=NetHD?_4 Pin=mega2560-5V_2
Added Net: Name=NetHD?_4
Added Pin To Net: NetName=NetHD?_5 Pin=HD?-5
Added Pin To Net: NetName=NetHD?_5 Pin=mega2560-5V_3
Added Net: Name=NetHD?_5
Added Pin To Net: NetName=NetHD?_6 Pin=HD?-6
Added Pin To Net: NetName=NetHD?_6 Pin=mega2560-3V3_1
Added Net: Name=NetHD?_6
Added Pin To Net: NetName=NetHD?_7 Pin=HD?-7
Added Pin To Net: NetName=NetHD?_7 Pin=mega2560-3V3_2
Added Net: Name=NetHD?_7
Added Pin To Net: NetName=NetJP2_1 Pin=JP2-1
Added Pin To Net: NetName=NetJP2_1 Pin=mega2560-GND_1
Added Net: Name=NetJP2_1
Added Pin To Net: NetName=NetJP2_2 Pin=JP2-2
Added Pin To Net: NetName=NetJP2_2 Pin=mega2560-GND_2
Added Net: Name=NetJP2_2
Added Member To Class: ClassName=mega2560 Member=Component ESP32 ESP32-DEVKITC
Added Member To Class: ClassName=mega2560 Member=Component HD00 Header 2
Added Member To Class: ClassName=mega2560 Member=Component HD? HD8
Added Member To Class: ClassName=mega2560 Member=Component JP2
Added Member To Class: ClassName=mega2560 Member=Component mega2560 MEGA_PRO_EMBED_CH340G_/_ATMEGA2560
Added Room: Name=mega2560
