Added Component: Designator=ESP32(MODULE_ESP32-DEVKITC)
Add component. Clean all parameters for all variants
Add component (AddParameter): Name = "Availability"; Value = "Unavailable"; VariantName = "[No Variations]"
Add component (AddParameter): Name = "MF"; Value = "Espressif Systems"; VariantName = "[No Variations]"
Add component (AddParameter): Name = "MP"; Value = "ESP32-DEVKITC-32D-F"; VariantName = "[No Variations]"
Add component (AddParameter): Name = "Package"; Value = "None"; VariantName = "[No Variations]"
Add component (AddParameter): Name = "Price"; Value = "None"; VariantName = "[No Variations]"
Add component (AddParameter): Name = "SnapEDA_Link"; Value = "https://www.snapeda.com/parts/ESP32-DEVKITC-32D-F/Espressif%20Systems/view-part/4220172/?ref=snap"; VariantName = "[No Variations]"
Add component (AddParameter): Name = "Value"; Value = ""; VariantName = "[No Variations]"
Added Component: Designator=HD00(HED2)
Add component. Clean all parameters for all variants
Add component (AddParameter): Name = "Value"; Value = "Header 2"; VariantName = "[No Variations]"
Added Component: Designator=JP2(CON2)
Add component. Clean all parameters for all variants
Add component (AddParameter): Name = "Value"; Value = "Connector 2"; VariantName = "[No Variations]"
Added Component: Designator=mega2560(MODULE_MEGA_PRO_EMBED_CH340G_/_ATMEGA2560)
Add component. Clean all parameters for all variants
Add component (AddParameter): Name = "Availability"; Value = "Unavailable"; VariantName = "[No Variations]"
Add component (AddParameter): Name = "MF"; Value = ""; VariantName = "[No Variations]"
Add component (AddParameter): Name = "MP"; Value = "MEGA_PRO_EMBED_CH340G_/_ATMEGA2560"; VariantName = "[No Variations]"
Add component (AddParameter): Name = "Package"; Value = "None"; VariantName = "[No Variations]"
Add component (AddParameter): Name = "Price"; Value = "None"; VariantName = "[No Variations]"
Add component (AddParameter): Name = "Value"; Value = ""; VariantName = "[No Variations]"
Added Component: Designator=Vin.5V(HED2)
Add component. Clean all parameters for all variants
Add component (AddParameter): Name = "Value"; Value = "Header 2"; VariantName = "[No Variations]"
Added Pin To Net: NetName=GND Pin=mega2560-GND_1
Added Pin To Net: NetName=GND Pin=Vin.5V-2
Added Net: Name=GND
Added Pin To Net: NetName=Netmega2560_VIN_1 Pin=mega2560-VIN_1
Added Pin To Net: NetName=Netmega2560_VIN_1 Pin=Vin.5V-1
Added Net: Name=Netmega2560_VIN_1
Added Member To Class: ClassName=mega2560 Member=Component ESP32 ESP32-DEVKITC
Added Member To Class: ClassName=mega2560 Member=Component HD00 Header 2
Added Member To Class: ClassName=mega2560 Member=Component JP2
Added Member To Class: ClassName=mega2560 Member=Component mega2560 MEGA_PRO_EMBED_CH340G_/_ATMEGA2560
Added Member To Class: ClassName=mega2560 Member=Component Vin.5V Header 2
Added Room: Name=mega2560
