Removed Pin From Net: NetName=VCC Pin=5v.SPI-1
Change Component Designator: OldDesignator=5v.SPI NewDesignator=3.3v.SPI
Change component parameters: Designator = "C1"; Footprint = "CP2/5"; UniqueID = "\IBMCHMDG"
Change component parameters. Clean all parameters for all variants
Change component parameters (AddParameter): Name = "LatestRevisionDate"; Value = "17-Jul-2002"; VariantName = "[No Variations]"
Change component parameters (AddParameter): Name = "LatestRevisionNote"; Value = "Re-released for DXP Platform."; VariantName = "[No Variations]"
Change component parameters (AddParameter): Name = "PackageReference"; Value = "C0805"; VariantName = "[No Variations]"
Change component parameters (AddParameter): Name = "Publisher"; Value = "Altium Limited"; VariantName = "[No Variations]"
Change component parameters (AddParameter): Name = "Value"; Value = "1000uF"; VariantName = "[No Variations]"
Change component parameters (AddParameter ignored because duplicated): Name = "VALUE"; Value = "C?"; VariantName = "[No Variations]"
Change component parameters: Designator = "C2"; Footprint = "CP2/5"; UniqueID = "\WTBIPNAE"
Change component parameters. Clean all parameters for all variants
Change component parameters (AddParameter): Name = "LatestRevisionDate"; Value = "17-Jul-2002"; VariantName = "[No Variations]"
Change component parameters (AddParameter): Name = "LatestRevisionNote"; Value = "Re-released for DXP Platform."; VariantName = "[No Variations]"
Change component parameters (AddParameter): Name = "PackageReference"; Value = "C0805"; VariantName = "[No Variations]"
Change component parameters (AddParameter): Name = "Publisher"; Value = "Altium Limited"; VariantName = "[No Variations]"
Change component parameters (AddParameter): Name = "Value"; Value = "100uF"; VariantName = "[No Variations]"
Change component parameters (AddParameter ignored because duplicated): Name = "VALUE"; Value = "C?"; VariantName = "[No Variations]"
Change component parameters: Designator = "C11"; Footprint = "CP2/5"; UniqueID = "\HDHKFMYD"
Change component parameters. Clean all parameters for all variants
Change component parameters (AddParameter): Name = "LatestRevisionDate"; Value = "17-Jul-2002"; VariantName = "[No Variations]"
Change component parameters (AddParameter): Name = "LatestRevisionNote"; Value = "Re-released for DXP Platform."; VariantName = "[No Variations]"
Change component parameters (AddParameter): Name = "PackageReference"; Value = "C0805"; VariantName = "[No Variations]"
Change component parameters (AddParameter): Name = "Publisher"; Value = "Altium Limited"; VariantName = "[No Variations]"
Change component parameters (AddParameter): Name = "Value"; Value = "1000uF"; VariantName = "[No Variations]"
Change component parameters (AddParameter ignored because duplicated): Name = "VALUE"; Value = "C?"; VariantName = "[No Variations]"
Change component parameters: Designator = "C22"; Footprint = "CP2/5"; UniqueID = "\AAKADQVY"
Change component parameters. Clean all parameters for all variants
Change component parameters (AddParameter): Name = "LatestRevisionDate"; Value = "17-Jul-2002"; VariantName = "[No Variations]"
Change component parameters (AddParameter): Name = "LatestRevisionNote"; Value = "Re-released for DXP Platform."; VariantName = "[No Variations]"
Change component parameters (AddParameter): Name = "PackageReference"; Value = "C0805"; VariantName = "[No Variations]"
Change component parameters (AddParameter): Name = "Publisher"; Value = "Altium Limited"; VariantName = "[No Variations]"
Change component parameters (AddParameter): Name = "Value"; Value = "100uF"; VariantName = "[No Variations]"
Change component parameters (AddParameter ignored because duplicated): Name = "VALUE"; Value = "C?"; VariantName = "[No Variations]"
Added Pin To Net: NetName=+3.3 Pin=3.3v.SPI-1
Added Pin To Net: NetName=+3.3 Pin=ESP32-1
Added Net: Name=+3.3
Added Member To Class: ClassName=mega2560 Member=Component mega2560 
Added Room: Name=mega2560
