Added Component: Designator=5v.SPI(HED2)
Add component. Clean all parameters for all variants
Add component (AddParameter): Name = "Value"; Value = "Header 2"; VariantName = "[No Variations]"
Added Component: Designator=D1(D5A)
Add component. Clean all parameters for all variants
Add component (AddParameter): Name = "Value"; Value = "1N5408"; VariantName = "[No Variations]"
Added Component: Designator=D2(D5A)
Add component. Clean all parameters for all variants
Add component (AddParameter): Name = "Value"; Value = "1N5408"; VariantName = "[No Variations]"
Added Component: Designator=D3(D5A)
Add component. Clean all parameters for all variants
Add component (AddParameter): Name = "Value"; Value = "1N5408"; VariantName = "[No Variations]"
Added Component: Designator=ESP32(MODULE_ESP32-DEVKITC)
Add component. Clean all parameters for all variants
Add component (AddParameter): Name = "Availability"; Value = "Unavailable"; VariantName = "[No Variations]"
Add component (AddParameter): Name = "MF"; Value = "Espressif Systems"; VariantName = "[No Variations]"
Add component (AddParameter): Name = "MP"; Value = "ESP32-DEVKITC-32D-F"; VariantName = "[No Variations]"
Add component (AddParameter): Name = "Package"; Value = "None"; VariantName = "[No Variations]"
Add component (AddParameter): Name = "Price"; Value = "None"; VariantName = "[No Variations]"
Add component (AddParameter): Name = "SnapEDA_Link"; Value = "https://www.snapeda.com/parts/ESP32-DEVKITC-32D-F/Espressif%20Systems/view-part/4220172/?ref=snap"; VariantName = "[No Variations]"
Add component (AddParameter): Name = "Value"; Value = ""; VariantName = "[No Variations]"
Added Component: Designator=I2C(HED4)
Add component. Clean all parameters for all variants
Add component (AddParameter): Name = "Value"; Value = "Header 4"; VariantName = "[No Variations]"
Added Component: Designator=LED1(LED-3)
Add component. Clean all parameters for all variants
Add component (AddParameter): Name = "Value"; Value = "LED 3 ly Single Colour"; VariantName = "[No Variations]"
Added Component: Designator=LED2(LED-3)
Add component. Clean all parameters for all variants
Add component (AddParameter): Name = "Value"; Value = "LED 3 ly Single Colour"; VariantName = "[No Variations]"
Added Component: Designator=LED3(LED-3)
Add component. Clean all parameters for all variants
Add component (AddParameter): Name = "Value"; Value = "LED 3 ly Single Colour"; VariantName = "[No Variations]"
Added Component: Designator=luuluong1(HED3)
Add component. Clean all parameters for all variants
Add component (AddParameter): Name = "Value"; Value = "Header 3"; VariantName = "[No Variations]"
Added Component: Designator=luuluong2(HED3)
Add component. Clean all parameters for all variants
Add component (AddParameter): Name = "Value"; Value = "Header 3"; VariantName = "[No Variations]"
Added Component: Designator=luuluong3(HED3)
Add component. Clean all parameters for all variants
Add component (AddParameter): Name = "Value"; Value = "Header 3"; VariantName = "[No Variations]"
Added Component: Designator=mega2560(MODULE_MEGA_PRO_EMBED_CH340G_/_ATMEGA2560)
Add component. Clean all parameters for all variants
Add component (AddParameter): Name = "Availability"; Value = "Unavailable"; VariantName = "[No Variations]"
Add component (AddParameter): Name = "MF"; Value = ""; VariantName = "[No Variations]"
Add component (AddParameter): Name = "MP"; Value = "MEGA_PRO_EMBED_CH340G_/_ATMEGA2560"; VariantName = "[No Variations]"
Add component (AddParameter): Name = "Package"; Value = "None"; VariantName = "[No Variations]"
Add component (AddParameter): Name = "Price"; Value = "None"; VariantName = "[No Variations]"
Add component (AddParameter): Name = "Value"; Value = ""; VariantName = "[No Variations]"
Added Component: Designator=motorPHU(HED2)
Add component. Clean all parameters for all variants
Add component (AddParameter): Name = "Value"; Value = "Header 2"; VariantName = "[No Variations]"
Added Component: Designator=motorTONG(HED2)
Add component. Clean all parameters for all variants
Add component (AddParameter): Name = "Value"; Value = "Header 2"; VariantName = "[No Variations]"
Added Component: Designator=opto1(OPTO_U)
Add component. Clean all parameters for all variants
Add component (AddParameter): Name = "Value"; Value = "TLP5211"; VariantName = "[No Variations]"
Added Component: Designator=opto2(OPTO_U)
Add component. Clean all parameters for all variants
Add component (AddParameter): Name = "Value"; Value = "TLP5211"; VariantName = "[No Variations]"
Added Component: Designator=opto3(OPTO_U)
Add component. Clean all parameters for all variants
Add component (AddParameter): Name = "Value"; Value = "TLP5211"; VariantName = "[No Variations]"
Added Component: Designator=Q1(QTO-92)
Add component. Clean all parameters for all variants
Add component (AddParameter): Name = ""; Value = "C2383"; VariantName = "[No Variations]"
Add component (AddParameter): Name = "Value"; Value = "C1815"; VariantName = "[No Variations]"
Added Component: Designator=Q2(QTO-92)
Add component. Clean all parameters for all variants
Add component (AddParameter): Name = ""; Value = "C2383"; VariantName = "[No Variations]"
Add component (AddParameter): Name = "Value"; Value = "C1815"; VariantName = "[No Variations]"
Added Component: Designator=Q3(QTO-92)
Add component. Clean all parameters for all variants
Add component (AddParameter): Name = ""; Value = "C2383"; VariantName = "[No Variations]"
Add component (AddParameter): Name = "Value"; Value = "C1815"; VariantName = "[No Variations]"
Added Component: Designator=R1(R1/4W)
Add component. Clean all parameters for all variants
Add component (AddParameter): Name = "Value"; Value = "R1/4W - 1K"; VariantName = "[No Variations]"
Added Component: Designator=R2(R1/4W)
Add component. Clean all parameters for all variants
Add component (AddParameter): Name = "Value"; Value = "R1/4W - 1K"; VariantName = "[No Variations]"
Added Component: Designator=R3(R1/4W)
Add component. Clean all parameters for all variants
Add component (AddParameter): Name = "Value"; Value = "R1/4W - 1K"; VariantName = "[No Variations]"
Added Component: Designator=R11(R1/4W)
Add component. Clean all parameters for all variants
Add component (AddParameter): Name = "Value"; Value = "R1/4W - 1K"; VariantName = "[No Variations]"
Added Component: Designator=R22(R1/4W)
Add component. Clean all parameters for all variants
Add component (AddParameter): Name = "Value"; Value = "R1/4W - 1K"; VariantName = "[No Variations]"
Added Component: Designator=R33(R1/4W)
Add component. Clean all parameters for all variants
Add component (AddParameter): Name = "Value"; Value = "R1/4W - 1K"; VariantName = "[No Variations]"
Added Component: Designator=SPI(HED4)
Add component. Clean all parameters for all variants
Add component (AddParameter): Name = "Value"; Value = "Header 4"; VariantName = "[No Variations]"
Added Component: Designator=UART(HED4)
Add component. Clean all parameters for all variants
Add component (AddParameter): Name = "Value"; Value = "Header 4"; VariantName = "[No Variations]"
Added Component: Designator=Van(HED2)
Add component. Clean all parameters for all variants
Add component (AddParameter): Name = "Value"; Value = "Header 2"; VariantName = "[No Variations]"
Added Component: Designator=Vin.5V(HED2)
Add component. Clean all parameters for all variants
Add component (AddParameter): Name = "Value"; Value = "Header 2"; VariantName = "[No Variations]"
Added Pin To Net: NetName=GND Pin=5v.SPI-2
Added Pin To Net: NetName=GND Pin=ESP32-14
Added Pin To Net: NetName=NetESP32_34 Pin=ESP32-34
Added Pin To Net: NetName=NetESP32_35 Pin=ESP32-35
Added Pin To Net: NetName=GND Pin=I2C-2
Added Pin To Net: NetName=GND Pin=LED1-2
Added Pin To Net: NetName=GND Pin=LED2-2
Added Pin To Net: NetName=GND Pin=LED3-2
Added Pin To Net: NetName=GND Pin=luuluong1-2
Added Pin To Net: NetName=GND Pin=luuluong2-2
Added Pin To Net: NetName=GND Pin=luuluong3-2
Added Pin To Net: NetName=GND Pin=mega2560-GND_1
Added Pin To Net: NetName=NetESP32_35 Pin=mega2560-RX
Added Pin To Net: NetName=NetESP32_34 Pin=mega2560-TX
Added Pin To Net: NetName=GND Pin=opto1-E
Added Pin To Net: NetName=GND Pin=opto2-E
Added Pin To Net: NetName=GND Pin=opto3-E
Added Pin To Net: NetName=GND Pin=Q1-1
Added Pin To Net: NetName=GND Pin=Q2-1
Added Pin To Net: NetName=GND Pin=Q3-1
Added Pin To Net: NetName=GND Pin=UART-2
Added Pin To Net: NetName=GND Pin=Vin.5V-2
Added Pin To Net: NetName=NetD1_1 Pin=D1-1
Added Pin To Net: NetName=NetD1_1 Pin=motorTONG-2
Added Pin To Net: NetName=NetD1_1 Pin=opto1-C
Added Pin To Net: NetName=NetD1_1 Pin=Q1-2
Added Pin To Net: NetName=NetD1_1 Pin=R11-1
Added Net: Name=NetD1_1
Added Pin To Net: NetName=NetD2_1 Pin=D2-1
Added Pin To Net: NetName=NetD2_1 Pin=motorPHU-2
Added Pin To Net: NetName=NetD2_1 Pin=opto2-C
Added Pin To Net: NetName=NetD2_1 Pin=Q2-2
Added Pin To Net: NetName=NetD2_1 Pin=R22-1
Added Net: Name=NetD2_1
Added Pin To Net: NetName=NetD3_1 Pin=D3-1
Added Pin To Net: NetName=NetD3_1 Pin=opto3-C
Added Pin To Net: NetName=NetD3_1 Pin=Q3-2
Added Pin To Net: NetName=NetD3_1 Pin=R33-1
Added Pin To Net: NetName=NetD3_1 Pin=Van-2
Added Net: Name=NetD3_1
Added Pin To Net: NetName=NetI2C_3 Pin=I2C-3
Added Pin To Net: NetName=NetI2C_3 Pin=mega2560-D21
Added Net: Name=NetI2C_3
Added Pin To Net: NetName=NetI2C_4 Pin=I2C-4
Added Pin To Net: NetName=NetI2C_4 Pin=mega2560-D20
Added Net: Name=NetI2C_4
Added Pin To Net: NetName=NetLED1_1 Pin=LED1-1
Added Pin To Net: NetName=NetLED1_1 Pin=opto1-K
Added Net: Name=NetLED1_1
Added Pin To Net: NetName=NetLED2_1 Pin=LED2-1
Added Pin To Net: NetName=NetLED2_1 Pin=opto2-K
Added Net: Name=NetLED2_1
Added Pin To Net: NetName=NetLED3_1 Pin=LED3-1
Added Pin To Net: NetName=NetLED3_1 Pin=opto3-K
Added Net: Name=NetLED3_1
Added Pin To Net: NetName=Netluuluong1_1 Pin=luuluong1-1
Added Pin To Net: NetName=Netluuluong1_1 Pin=mega2560-A0
Added Net: Name=Netluuluong1_1
Added Pin To Net: NetName=Netluuluong2_1 Pin=luuluong2-1
Added Pin To Net: NetName=Netluuluong2_1 Pin=mega2560-A2
Added Net: Name=Netluuluong2_1
Added Pin To Net: NetName=Netluuluong3_1 Pin=luuluong3-1
Added Pin To Net: NetName=Netluuluong3_1 Pin=mega2560-A4
Added Net: Name=Netluuluong3_1
Added Pin To Net: NetName=Netmega2560_D18 Pin=mega2560-D18
Added Pin To Net: NetName=Netmega2560_D18 Pin=UART-4
Added Net: Name=Netmega2560_D18
Added Pin To Net: NetName=Netmega2560_D19 Pin=mega2560-D19
Added Pin To Net: NetName=Netmega2560_D19 Pin=UART-3
Added Net: Name=Netmega2560_D19
Added Pin To Net: NetName=Netmega2560_D32 Pin=mega2560-D32
Added Pin To Net: NetName=Netmega2560_D32 Pin=R1-1
Added Net: Name=Netmega2560_D32
Added Pin To Net: NetName=Netmega2560_D34 Pin=mega2560-D34
Added Pin To Net: NetName=Netmega2560_D34 Pin=R2-1
Added Net: Name=Netmega2560_D34
Added Pin To Net: NetName=Netmega2560_D36 Pin=mega2560-D36
Added Pin To Net: NetName=Netmega2560_D36 Pin=R3-1
Added Net: Name=Netmega2560_D36
Added Pin To Net: NetName=Netmega2560_D50 Pin=mega2560-D50
Added Pin To Net: NetName=Netmega2560_D50 Pin=SPI-1
Added Net: Name=Netmega2560_D50
Added Pin To Net: NetName=Netmega2560_D51 Pin=mega2560-D51
Added Pin To Net: NetName=Netmega2560_D51 Pin=SPI-4
Added Net: Name=Netmega2560_D51
Added Pin To Net: NetName=Netmega2560_D52 Pin=mega2560-D52
Added Pin To Net: NetName=Netmega2560_D52 Pin=SPI-2
Added Net: Name=Netmega2560_D52
Added Pin To Net: NetName=Netmega2560_D53 Pin=mega2560-D53
Added Pin To Net: NetName=Netmega2560_D53 Pin=SPI-3
Added Net: Name=Netmega2560_D53
Added Pin To Net: NetName=Netopto1_A Pin=opto1-A
Added Pin To Net: NetName=Netopto1_A Pin=R1-2
Added Net: Name=Netopto1_A
Added Pin To Net: NetName=Netopto2_A Pin=opto2-A
Added Pin To Net: NetName=Netopto2_A Pin=R2-2
Added Net: Name=Netopto2_A
Added Pin To Net: NetName=Netopto3_A Pin=opto3-A
Added Pin To Net: NetName=Netopto3_A Pin=R3-2
Added Net: Name=Netopto3_A
Added Pin To Net: NetName=NetQ1_3 Pin=Q1-3
Added Pin To Net: NetName=NetQ1_3 Pin=R11-2
Added Net: Name=NetQ1_3
Added Pin To Net: NetName=NetQ2_3 Pin=Q2-3
Added Pin To Net: NetName=NetQ2_3 Pin=R22-2
Added Net: Name=NetQ2_3
Added Pin To Net: NetName=NetQ3_3 Pin=Q3-3
Added Pin To Net: NetName=NetQ3_3 Pin=R33-2
Added Net: Name=NetQ3_3
Added Pin To Net: NetName=VCC Pin=5v.SPI-1
Added Pin To Net: NetName=VCC Pin=D1-2
Added Pin To Net: NetName=VCC Pin=D2-2
Added Pin To Net: NetName=VCC Pin=D3-2
Added Pin To Net: NetName=VCC Pin=ESP32-19
Added Pin To Net: NetName=VCC Pin=I2C-1
Added Pin To Net: NetName=VCC Pin=luuluong1-3
Added Pin To Net: NetName=VCC Pin=luuluong2-3
Added Pin To Net: NetName=VCC Pin=luuluong3-3
Added Pin To Net: NetName=VCC Pin=mega2560-VIN_1
Added Pin To Net: NetName=VCC Pin=motorPHU-1
Added Pin To Net: NetName=VCC Pin=motorTONG-1
Added Pin To Net: NetName=VCC Pin=UART-1
Added Pin To Net: NetName=VCC Pin=Van-1
Added Pin To Net: NetName=VCC Pin=Vin.5V-1
Added Net: Name=VCC
Added Member To Class: ClassName=mega2560 Member=Component 5v.SPI 
Added Member To Class: ClassName=mega2560 Member=Component D1 
Added Member To Class: ClassName=mega2560 Member=Component D2 
Added Member To Class: ClassName=mega2560 Member=Component D3 
Added Member To Class: ClassName=mega2560 Member=Component ESP32 
Added Member To Class: ClassName=mega2560 Member=Component I2C 
Added Member To Class: ClassName=mega2560 Member=Component LED1 LED
Added Member To Class: ClassName=mega2560 Member=Component LED2 LED
Added Member To Class: ClassName=mega2560 Member=Component LED3 LED
Added Member To Class: ClassName=mega2560 Member=Component luuluong1 
Added Member To Class: ClassName=mega2560 Member=Component luuluong2 
Added Member To Class: ClassName=mega2560 Member=Component luuluong3 
Added Member To Class: ClassName=mega2560 Member=Component mega2560 
Added Member To Class: ClassName=mega2560 Member=Component motorPHU 
Added Member To Class: ClassName=mega2560 Member=Component motorTONG 
Added Member To Class: ClassName=mega2560 Member=Component opto1 
Added Member To Class: ClassName=mega2560 Member=Component opto2 
Added Member To Class: ClassName=mega2560 Member=Component opto3 
Added Member To Class: ClassName=mega2560 Member=Component Q1 C1815
Added Member To Class: ClassName=mega2560 Member=Component Q2 C1815
Added Member To Class: ClassName=mega2560 Member=Component Q3 C1815
Added Member To Class: ClassName=mega2560 Member=Component R1 220
Added Member To Class: ClassName=mega2560 Member=Component R2 220
Added Member To Class: ClassName=mega2560 Member=Component R3 220
Added Member To Class: ClassName=mega2560 Member=Component R11 1k
Added Member To Class: ClassName=mega2560 Member=Component R22 1k
Added Member To Class: ClassName=mega2560 Member=Component R33 1k
Added Member To Class: ClassName=mega2560 Member=Component SPI 
Added Member To Class: ClassName=mega2560 Member=Component UART 
Added Member To Class: ClassName=mega2560 Member=Component Van 
Added Member To Class: ClassName=mega2560 Member=Component Vin.5V 
Added Room: Name=mega2560
